  os_core.c
D:\學校\台科\10901\嵌入式作業系統實作 Embedded OS Implementation\-OS-_code\μOSⅡ_code\Micrium_Win32_Kernel\Micrium\Software\uCOS-II\Source\os_core.c(894,22): warning C4013: 'OSTimeDly_arr' 未定義; 假設 extern 傳回整數
D:\學校\台科\10901\嵌入式作業系統實作 Embedded OS Implementation\-OS-_code\μOSⅡ_code\Micrium_Win32_Kernel\Micrium\Software\uCOS-II\Source\os_core.c(1968,119): warning C4018: '>': signed/unsigned 不相符
D:\學校\台科\10901\嵌入式作業系統實作 Embedded OS Implementation\-OS-_code\μOSⅡ_code\Micrium_Win32_Kernel\Micrium\Software\uCOS-II\Source\os_core.c(1977,122): warning C4018: '>': signed/unsigned 不相符
D:\學校\台科\10901\嵌入式作業系統實作 Embedded OS Implementation\-OS-_code\μOSⅡ_code\Micrium_Win32_Kernel\Micrium\Software\uCOS-II\Source\os_core.c(1988,122): warning C4018: '>': signed/unsigned 不相符
D:\學校\台科\10901\嵌入式作業系統實作 Embedded OS Implementation\-OS-_code\μOSⅡ_code\Micrium_Win32_Kernel\Micrium\Software\uCOS-II\Source\os_core.c(1996,118): warning C4018: '>': signed/unsigned 不相符
  main.c
D:\學校\台科\10901\嵌入式作業系統實作 Embedded OS Implementation\-OS-_code\μOSⅡ_code\Micrium_Win32_Kernel\Microsoft\Windows\Kernel\OS2\main.c(155,1): warning C4005: 'TASK1_PRIORITY': 巨集重複定義
D:\學校\台科\10901\嵌入式作業系統實作 Embedded OS Implementation\-OS-_code\μOSⅡ_code\Micrium_Win32_Kernel\Microsoft\Windows\Kernel\OS2\main.c(151): message : 請參閱 'TASK1_PRIORITY' 之前的定義
D:\學校\台科\10901\嵌入式作業系統實作 Embedded OS Implementation\-OS-_code\μOSⅡ_code\Micrium_Win32_Kernel\Microsoft\Windows\Kernel\OS2\main.c(156,1): warning C4005: 'TASK2_PRIORITY': 巨集重複定義
D:\學校\台科\10901\嵌入式作業系統實作 Embedded OS Implementation\-OS-_code\μOSⅡ_code\Micrium_Win32_Kernel\Microsoft\Windows\Kernel\OS2\main.c(152): message : 請參閱 'TASK2_PRIORITY' 之前的定義
D:\學校\台科\10901\嵌入式作業系統實作 Embedded OS Implementation\-OS-_code\μOSⅡ_code\Micrium_Win32_Kernel\Microsoft\Windows\Kernel\OS2\main.c(162,1): warning C4005: 'TASK1_PRIORITY': 巨集重複定義
D:\學校\台科\10901\嵌入式作業系統實作 Embedded OS Implementation\-OS-_code\μOSⅡ_code\Micrium_Win32_Kernel\Microsoft\Windows\Kernel\OS2\main.c(155): message : 請參閱 'TASK1_PRIORITY' 之前的定義
D:\學校\台科\10901\嵌入式作業系統實作 Embedded OS Implementation\-OS-_code\μOSⅡ_code\Micrium_Win32_Kernel\Microsoft\Windows\Kernel\OS2\main.c(163,1): warning C4005: 'TASK2_PRIORITY': 巨集重複定義
D:\學校\台科\10901\嵌入式作業系統實作 Embedded OS Implementation\-OS-_code\μOSⅡ_code\Micrium_Win32_Kernel\Microsoft\Windows\Kernel\OS2\main.c(156): message : 請參閱 'TASK2_PRIORITY' 之前的定義
D:\學校\台科\10901\嵌入式作業系統實作 Embedded OS Implementation\-OS-_code\μOSⅡ_code\Micrium_Win32_Kernel\Microsoft\Windows\Kernel\OS2\main.c(168,1): warning C4005: 'TASK2_PRIORITY': 巨集重複定義
D:\學校\台科\10901\嵌入式作業系統實作 Embedded OS Implementation\-OS-_code\μOSⅡ_code\Micrium_Win32_Kernel\Microsoft\Windows\Kernel\OS2\main.c(163): message : 請參閱 'TASK2_PRIORITY' 之前的定義
D:\學校\台科\10901\嵌入式作業系統實作 Embedded OS Implementation\-OS-_code\μOSⅡ_code\Micrium_Win32_Kernel\Microsoft\Windows\Kernel\OS2\main.c(169,1): warning C4005: 'TASK3_PRIORITY': 巨集重複定義
D:\學校\台科\10901\嵌入式作業系統實作 Embedded OS Implementation\-OS-_code\μOSⅡ_code\Micrium_Win32_Kernel\Microsoft\Windows\Kernel\OS2\main.c(164): message : 請參閱 'TASK3_PRIORITY' 之前的定義
D:\學校\台科\10901\嵌入式作業系統實作 Embedded OS Implementation\-OS-_code\μOSⅡ_code\Micrium_Win32_Kernel\Microsoft\Windows\Kernel\OS2\main.c(172,1): warning C4005: 'TASK1_PRIORITY': 巨集重複定義
D:\學校\台科\10901\嵌入式作業系統實作 Embedded OS Implementation\-OS-_code\μOSⅡ_code\Micrium_Win32_Kernel\Microsoft\Windows\Kernel\OS2\main.c(162): message : 請參閱 'TASK1_PRIORITY' 之前的定義
D:\學校\台科\10901\嵌入式作業系統實作 Embedded OS Implementation\-OS-_code\μOSⅡ_code\Micrium_Win32_Kernel\Microsoft\Windows\Kernel\OS2\main.c(173,1): warning C4005: 'TASK2_PRIORITY': 巨集重複定義
D:\學校\台科\10901\嵌入式作業系統實作 Embedded OS Implementation\-OS-_code\μOSⅡ_code\Micrium_Win32_Kernel\Microsoft\Windows\Kernel\OS2\main.c(168): message : 請參閱 'TASK2_PRIORITY' 之前的定義
D:\學校\台科\10901\嵌入式作業系統實作 Embedded OS Implementation\-OS-_code\μOSⅡ_code\Micrium_Win32_Kernel\Microsoft\Windows\Kernel\OS2\main.c(174,1): warning C4005: 'TASK3_PRIORITY': 巨集重複定義
D:\學校\台科\10901\嵌入式作業系統實作 Embedded OS Implementation\-OS-_code\μOSⅡ_code\Micrium_Win32_Kernel\Microsoft\Windows\Kernel\OS2\main.c(169): message : 請參閱 'TASK3_PRIORITY' 之前的定義
D:\學校\台科\10901\嵌入式作業系統實作 Embedded OS Implementation\-OS-_code\μOSⅡ_code\Micrium_Win32_Kernel\Microsoft\Windows\Kernel\OS2\main.c(178,1): warning C4005: 'TASK2_PRIORITY': 巨集重複定義
D:\學校\台科\10901\嵌入式作業系統實作 Embedded OS Implementation\-OS-_code\μOSⅡ_code\Micrium_Win32_Kernel\Microsoft\Windows\Kernel\OS2\main.c(173): message : 請參閱 'TASK2_PRIORITY' 之前的定義
D:\學校\台科\10901\嵌入式作業系統實作 Embedded OS Implementation\-OS-_code\μOSⅡ_code\Micrium_Win32_Kernel\Microsoft\Windows\Kernel\OS2\main.c(179,1): warning C4005: 'TASK3_PRIORITY': 巨集重複定義
D:\學校\台科\10901\嵌入式作業系統實作 Embedded OS Implementation\-OS-_code\μOSⅡ_code\Micrium_Win32_Kernel\Microsoft\Windows\Kernel\OS2\main.c(174): message : 請參閱 'TASK3_PRIORITY' 之前的定義
D:\學校\台科\10901\嵌入式作業系統實作 Embedded OS Implementation\-OS-_code\μOSⅡ_code\Micrium_Win32_Kernel\Microsoft\Windows\Kernel\OS2\main.c(182,1): warning C4005: 'TASK1_PRIORITY': 巨集重複定義
D:\學校\台科\10901\嵌入式作業系統實作 Embedded OS Implementation\-OS-_code\μOSⅡ_code\Micrium_Win32_Kernel\Microsoft\Windows\Kernel\OS2\main.c(172): message : 請參閱 'TASK1_PRIORITY' 之前的定義
D:\學校\台科\10901\嵌入式作業系統實作 Embedded OS Implementation\-OS-_code\μOSⅡ_code\Micrium_Win32_Kernel\Microsoft\Windows\Kernel\OS2\main.c(183,1): warning C4005: 'TASK2_PRIORITY': 巨集重複定義
D:\學校\台科\10901\嵌入式作業系統實作 Embedded OS Implementation\-OS-_code\μOSⅡ_code\Micrium_Win32_Kernel\Microsoft\Windows\Kernel\OS2\main.c(178): message : 請參閱 'TASK2_PRIORITY' 之前的定義
D:\學校\台科\10901\嵌入式作業系統實作 Embedded OS Implementation\-OS-_code\μOSⅡ_code\Micrium_Win32_Kernel\Microsoft\Windows\Kernel\OS2\main.c(184,1): warning C4005: 'TASK3_PRIORITY': 巨集重複定義
D:\學校\台科\10901\嵌入式作業系統實作 Embedded OS Implementation\-OS-_code\μOSⅡ_code\Micrium_Win32_Kernel\Microsoft\Windows\Kernel\OS2\main.c(179): message : 請參閱 'TASK3_PRIORITY' 之前的定義
D:\學校\台科\10901\嵌入式作業系統實作 Embedded OS Implementation\-OS-_code\μOSⅡ_code\Micrium_Win32_Kernel\Microsoft\Windows\Kernel\OS2\main.c(188,1): warning C4005: 'TASK2_PRIORITY': 巨集重複定義
D:\學校\台科\10901\嵌入式作業系統實作 Embedded OS Implementation\-OS-_code\μOSⅡ_code\Micrium_Win32_Kernel\Microsoft\Windows\Kernel\OS2\main.c(183): message : 請參閱 'TASK2_PRIORITY' 之前的定義
D:\學校\台科\10901\嵌入式作業系統實作 Embedded OS Implementation\-OS-_code\μOSⅡ_code\Micrium_Win32_Kernel\Microsoft\Windows\Kernel\OS2\main.c(189,1): warning C4005: 'TASK3_PRIORITY': 巨集重複定義
D:\學校\台科\10901\嵌入式作業系統實作 Embedded OS Implementation\-OS-_code\μOSⅡ_code\Micrium_Win32_Kernel\Microsoft\Windows\Kernel\OS2\main.c(184): message : 請參閱 'TASK3_PRIORITY' 之前的定義
D:\學校\台科\10901\嵌入式作業系統實作 Embedded OS Implementation\-OS-_code\μOSⅡ_code\Micrium_Win32_Kernel\Microsoft\Windows\Kernel\OS2\main.c(195,1): warning C4005: 'TASK3_PRIORITY': 巨集重複定義
D:\學校\台科\10901\嵌入式作業系統實作 Embedded OS Implementation\-OS-_code\μOSⅡ_code\Micrium_Win32_Kernel\Microsoft\Windows\Kernel\OS2\main.c(189): message : 請參閱 'TASK3_PRIORITY' 之前的定義
D:\學校\台科\10901\嵌入式作業系統實作 Embedded OS Implementation\-OS-_code\μOSⅡ_code\Micrium_Win32_Kernel\Microsoft\Windows\Kernel\OS2\main.c(111,17): warning C4101: 'os_err': 未參考的區域變數
  正在產生程式碼...
  OS2.vcxproj -> D:\學校\台科\10901\嵌入式作業系統實作 Embedded OS Implementation\-OS-_code\μOSⅡ_code\Micrium_Win32_Kernel\Microsoft\Windows\Kernel\OS2\VS\Debug\OS2.exe
